<?xml version="1.0" encoding="UTF-8"?>
<!-- Generated by org.testng.reporters.JUnitReportReporter -->
<testsuite hostname="DESKTOP-AU847K4" failures="0" tests="3" name="apipack.NewTest" time="7.375" errors="0" timestamp="2025-03-03T10:25:45 IST" skipped="0">
  <testcase classname="apipack.NewTest" name="test1" time="4.718"/>
  <system-out/>
  <testcase classname="apipack.NewTest" name="test3" time="2.406"/>
  <system-out/>
  <testcase classname="apipack.NewTest" name="test2" time="0.251"/>
  <system-out/>
</testsuite> <!-- apipack.NewTest -->
