<?xml version="1.0" encoding="UTF-8"?>
<!-- Generated by org.testng.reporters.JUnitReportReporter -->
<testsuite hostname="DESKTOP-AU847K4" failures="0" tests="1" name="suiteB.TestB3" time="2.003" errors="0" timestamp="2024-12-20T10:34:31 IST" skipped="0">
  <testcase classname="suiteB.TestB3" name="testB3" time="2.003"/>
  <system-out/>
</testsuite> <!-- suiteB.TestB3 -->
