<?xml version="1.0" encoding="UTF-8"?>
<!-- Generated by org.testng.reporters.JUnitReportReporter -->
<testsuite hostname="DESKTOP-AU847K4" failures="0" tests="4" name="tests.RegisterTest" time="0.032" errors="0" timestamp="2024-12-20T10:17:27 IST" skipped="0">
  <testcase classname="tests.RegisterTest" name="registerWithMandotoryFields" time="0.023"/>
  <system-out/>
  <testcase classname="tests.RegisterTest" name="registerWithAllFields" time="0.003"/>
  <system-out/>
  <testcase classname="tests.RegisterTest" name="registerWithDuplicateFields" time="0.003"/>
  <system-out/>
  <testcase classname="tests.RegisterTest" name="registerWithEmptyFields" time="0.003"/>
  <system-out/>
</testsuite> <!-- tests.RegisterTest -->
