<?xml version="1.0" encoding="UTF-8"?>
<!-- Generated by org.testng.reporters.JUnitReportReporter -->
<testsuite hostname="DESKTOP-AU847K4" failures="0" tests="5" name="tests.LoginTest" time="0.081" errors="0" timestamp="2024-12-24T10:16:29 IST" skipped="0">
  <testcase classname="tests.LoginTest" name="loginWithValidCredientials" time="0.035"/>
  <system-out/>
  <testcase classname="tests.LoginTest" name="loginWithInvalidUser" time="0.022"/>
  <system-out/>
  <testcase classname="tests.LoginTest" name="loginWithInvalidPassword" time="0.013"/>
  <system-out/>
  <testcase classname="tests.LoginTest" name="loginWithInvalidCredientials" time="0.009"/>
  <system-out/>
  <testcase classname="tests.LoginTest" name="loginWithEmptyFields" time="0.002"/>
  <system-out/>
</testsuite> <!-- tests.LoginTest -->
