<?xml version="1.0" encoding="UTF-8"?>
<!-- Generated by org.testng.reporters.JUnitReportReporter -->
<testsuite hostname="DESKTOP-AU847K4" failures="0" tests="2" name="testNGPack.CheckBox1" time="28.961" errors="0" timestamp="2024-12-18T10:43:34 IST" skipped="0">
  <testcase classname="testNGPack.CheckBox1" name="checkboxTest" time="17.240"/>
  <system-out/>
  <testcase classname="testNGPack.CheckBox1" name="checkboxTest" time="11.721"/>
  <system-out/>
</testsuite> <!-- testNGPack.CheckBox1 -->
