<?xml version="1.0" encoding="UTF-8"?>
<!-- Generated by org.testng.reporters.JUnitReportReporter -->
<testsuite hostname="DESKTOP-AU847K4" failures="0" tests="3" name="tests.SearchTest1" time="0.009" errors="0" timestamp="2024-12-20T09:53:12 IST" skipped="0">
  <testcase classname="tests.SearchTest1" name="searchWithValidProduct1" time="0.004"/>
  <system-out/>
  <testcase classname="tests.SearchTest1" name="searchWithInvalidProduct1" time="0.004"/>
  <system-out/>
  <testcase classname="tests.SearchTest1" name="searchWithEmptyProduct1" time="0.001"/>
  <system-out/>
</testsuite> <!-- tests.SearchTest1 -->
