<?xml version="1.0" encoding="UTF-8"?>
<!-- Generated by org.testng.reporters.JUnitReportReporter -->
<testsuite hostname="DESKTOP-AU847K4" failures="0" tests="1" name="test.LoginTest" time="9.803" errors="0" timestamp="2025-01-06T10:53:14 IST" skipped="0">
  <testcase classname="test.LoginTest" name="f" time="9.803"/>
  <system-out/>
</testsuite> <!-- test.LoginTest -->
