<?xml version="1.0" encoding="UTF-8"?>
<!-- Generated by org.testng.reporters.JUnitReportReporter -->
<testsuite hostname="DESKTOP-AU847K4" failures="0" tests="3" name="tests.SearchTest" time="0.020" errors="0" timestamp="2024-12-20T10:17:27 IST" skipped="0">
  <testcase classname="tests.SearchTest" name="searchWithValidProduct" time="0.005"/>
  <system-out/>
  <testcase classname="tests.SearchTest" name="searchWithInvalidProduct" time="0.003"/>
  <system-out/>
  <testcase classname="tests.SearchTest" name="searchWithEmptyProduct" time="0.012"/>
  <system-out/>
</testsuite> <!-- tests.SearchTest -->
