<?xml version="1.0" encoding="UTF-8"?>
<!-- Generated by org.testng.reporters.JUnitReportReporter -->
<testsuite hostname="DESKTOP-AU847K4" failures="0" tests="2" name="testNGPack.TestNGDataDependencyBetweenTests" time="0.019" errors="0" timestamp="2024-12-21T10:53:26 IST" skipped="0">
  <testcase classname="testNGPack.TestNGDataDependencyBetweenTests" name="test1" time="0.017"/>
  <system-out/>
  <testcase classname="testNGPack.TestNGDataDependencyBetweenTests" name="test2" time="0.002"/>
  <system-out/>
</testsuite> <!-- testNGPack.TestNGDataDependencyBetweenTests -->
