<?xml version="1.0" encoding="UTF-8"?>
<!-- Generated by org.testng.reporters.JUnitReportReporter -->
<testsuite hostname="DESKTOP-AU847K4" failures="0" tests="1" name="testNGPack.NewTest" time="0.013" errors="0" timestamp="2024-12-18T09:52:14 IST" skipped="0">
  <testcase classname="testNGPack.NewTest" name="f" time="0.013"/>
  <system-out/>
</testsuite> <!-- testNGPack.NewTest -->
