<?xml version="1.0" encoding="UTF-8"?>
<!-- Generated by org.testng.reporters.JUnitReportReporter -->
<testsuite hostname="DESKTOP-AU847K4" failures="0" tests="5" name="tests.LoginTest" time="0.052" errors="0" timestamp="2024-12-19T10:54:30 IST" skipped="0">
  <testcase classname="tests.LoginTest" name="loginWithValidCredientials" time="0.025"/>
  <system-out/>
  <testcase classname="tests.LoginTest" name="loginWithInvalidUser" time="0.004"/>
  <system-out/>
  <testcase classname="tests.LoginTest" name="loginWithInvalidPassword" time="0.002"/>
  <system-out/>
  <testcase classname="tests.LoginTest" name="loginWithInvalidCredientials" time="0.015"/>
  <system-out/>
  <testcase classname="tests.LoginTest" name="loginWithEmptyFields" time="0.006"/>
  <system-out/>
</testsuite> <!-- tests.LoginTest -->
