<?xml version="1.0" encoding="UTF-8"?>
<!-- Generated by org.testng.reporters.JUnitReportReporter -->
<testsuite hostname="DESKTOP-AU847K4" failures="0" tests="2" name="excelOperations.DataManagementwithHashTable" time="0.034" errors="0" timestamp="2025-01-03T10:24:49 IST" skipped="0">
  <testcase classname="excelOperations.DataManagementwithHashTable" name="f" time="0.016"/>
  <system-out/>
  <testcase classname="excelOperations.DataManagementwithHashTable" name="f" time="0.018"/>
  <system-out/>
</testsuite> <!-- excelOperations.DataManagementwithHashTable -->
