<?xml version="1.0" encoding="UTF-8"?>
<!-- Generated by org.testng.reporters.JUnitReportReporter -->
<testsuite hostname="DESKTOP-AU847K4" failures="0" tests="2" name="excelOperations.FinalversionTest" time="0.016" errors="0" timestamp="2025-01-04T09:39:26 IST" skipped="0">
  <testcase classname="excelOperations.FinalversionTest" name="f" time="0.003"/>
  <system-out/>
  <testcase classname="excelOperations.FinalversionTest" name="f" time="0.013"/>
  <system-out/>
</testsuite> <!-- excelOperations.FinalversionTest -->
