<?xml version="1.0" encoding="UTF-8"?>
<!-- Generated by org.testng.reporters.JUnitReportReporter -->
<testsuite hostname="DESKTOP-AU847K4" failures="0" tests="2" name="testNGPack.LinksTesting1" time="25.972" errors="0" timestamp="2024-12-18T10:43:34 IST" skipped="0">
  <testcase classname="testNGPack.LinksTesting1" name="linktesting1" time="10.911"/>
  <system-out>
    <![CDATA[Clicked on Image Link]]>
  </system-out>
  <testcase classname="testNGPack.LinksTesting1" name="linktesting1" time="15.061"/>
  <system-out>
    <![CDATA[Clicked on Image Link]]>
  </system-out>
</testsuite> <!-- testNGPack.LinksTesting1 -->
