<?xml version="1.0" encoding="UTF-8"?>
<!-- Generated by org.testng.reporters.JUnitReportReporter -->
<testsuite hostname="DESKTOP-AU847K4" failures="0" tests="1" name="assertionpack.HardAssertionTest1" time="17.057" errors="0" timestamp="2024-12-26T10:19:26 IST" skipped="0">
  <testcase classname="assertionpack.HardAssertionTest1" name="f" time="17.057"/>
  <system-out/>
</testsuite> <!-- assertionpack.HardAssertionTest1 -->
