<?xml version="1.0" encoding="UTF-8"?>
<!-- Generated by org.testng.reporters.JUnitReportReporter -->
<testsuite hostname="DESKTOP-AU847K4" failures="0" tests="1" name="testNGPack.TNG_002" time="29.853" errors="0" timestamp="2024-12-17T10:44:12 IST" skipped="0">
  <testcase classname="testNGPack.TNG_002" name="amazonAction" time="29.853"/>
  <system-out/>
</testsuite> <!-- testNGPack.TNG_002 -->
