<?xml version="1.0" encoding="UTF-8"?>
<!-- Generated by org.testng.reporters.JUnitReportReporter -->
<testsuite hostname="DESKTOP-AU847K4" failures="0" tests="3" name="testNGPack.TNG_001" time="0.027" errors="0" timestamp="2024-12-17T10:24:02 IST" skipped="1">
  <testcase classname="testNGPack.TNG_001" name="f" time="0.018"/>
  <system-out/>
  <testcase classname="testNGPack.TNG_001" name="a" time="0.009"/>
  <system-out/>
  <testcase classname="testNGPack.TNG_001" name="z">
    <skipped/>
  </testcase> <!-- z -->
  <system-out/>
</testsuite> <!-- testNGPack.TNG_001 -->
