<?xml version="1.0" encoding="UTF-8"?>
<!-- Generated by org.testng.reporters.JUnitReportReporter -->
<testsuite hostname="DESKTOP-AU847K4" failures="0" tests="1" name="suiteB.TestB1" time="2.021" errors="0" timestamp="2024-12-20T10:34:31 IST" skipped="0">
  <testcase classname="suiteB.TestB1" name="testB1" time="2.021"/>
  <system-out/>
</testsuite> <!-- suiteB.TestB1 -->
