<?xml version="1.0" encoding="UTF-8"?>
<!-- Generated by org.testng.reporters.JUnitReportReporter -->
<testsuite hostname="DESKTOP-AU847K4" failures="0" tests="2" name="testNGPack.TNG_002" time="59.094" errors="0" timestamp="2024-12-18T10:43:34 IST" skipped="0">
  <testcase classname="testNGPack.TNG_002" name="amazonAction" time="28.898"/>
  <system-out/>
  <testcase classname="testNGPack.TNG_002" name="amazonAction" time="30.196"/>
  <system-out/>
</testsuite> <!-- testNGPack.TNG_002 -->
