<?xml version="1.0" encoding="UTF-8"?>
<!-- Generated by org.testng.reporters.JUnitReportReporter -->
<testsuite hostname="DESKTOP-AU847K4" failures="0" tests="2" name="testNGPack.RadioButton1" time="26.885" errors="0" timestamp="2024-12-18T10:43:34 IST" skipped="0">
  <testcase classname="testNGPack.RadioButton1" name="radioButtonTest" time="10.360"/>
  <system-out/>
  <testcase classname="testNGPack.RadioButton1" name="radioButtonTest" time="16.525"/>
  <system-out/>
</testsuite> <!-- testNGPack.RadioButton1 -->
