<?xml version="1.0" encoding="UTF-8"?>
<!-- Generated by org.testng.reporters.JUnitReportReporter -->
<testsuite hostname="DESKTOP-AU847K4" failures="0" tests="3" name="tests.SearchTest" time="0.018" errors="0" timestamp="2024-12-28T10:31:23 IST" skipped="0">
  <testcase classname="tests.SearchTest" name="searchWithValidProduct" time="0.013"/>
  <system-out/>
  <testcase classname="tests.SearchTest" name="searchWithInvalidProduct" time="0.002"/>
  <system-out/>
  <testcase classname="tests.SearchTest" name="searchWithEmptyProduct" time="0.003"/>
  <system-out/>
</testsuite> <!-- tests.SearchTest -->
