<?xml version="1.0" encoding="UTF-8"?>
<!-- Generated by org.testng.reporters.JUnitReportReporter -->
<testsuite hostname="DESKTOP-AU847K4" failures="0" tests="3" name="tests.SearchTest" time="0.014" errors="0" timestamp="2024-12-24T10:16:29 IST" skipped="0">
  <testcase classname="tests.SearchTest" name="searchWithValidProduct" time="0.005"/>
  <system-out/>
  <testcase classname="tests.SearchTest" name="searchWithInvalidProduct" time="0.004"/>
  <system-out/>
  <testcase classname="tests.SearchTest" name="searchWithEmptyProduct" time="0.005"/>
  <system-out/>
</testsuite> <!-- tests.SearchTest -->
