<?xml version="1.0" encoding="UTF-8"?>
<!-- Generated by org.testng.reporters.JUnitReportReporter -->
<testsuite hostname="DESKTOP-AU847K4" failures="0" tests="1" name="suiteA.TestA3" time="2.002" errors="0" timestamp="2024-12-20T10:34:31 IST" skipped="0">
  <testcase classname="suiteA.TestA3" name="testA3" time="2.002"/>
  <system-out/>
</testsuite> <!-- suiteA.TestA3 -->
