<?xml version="1.0" encoding="UTF-8"?>
<!-- Generated by org.testng.reporters.JUnitReportReporter -->
<testsuite hostname="DESKTOP-AU847K4" failures="0" tests="3" name="tests.SearchTest" time="0.050" errors="0" timestamp="2024-12-19T10:54:30 IST" skipped="0">
  <testcase classname="tests.SearchTest" name="searchWithValidProduct" time="0.024"/>
  <system-out/>
  <testcase classname="tests.SearchTest" name="searchWithInvalidProduct" time="0.022"/>
  <system-out/>
  <testcase classname="tests.SearchTest" name="searchWithEmptyProduct" time="0.004"/>
  <system-out/>
</testsuite> <!-- tests.SearchTest -->
