<?xml version="1.0" encoding="UTF-8"?>
<!-- Generated by org.testng.reporters.JUnitReportReporter -->
<testsuite hostname="DESKTOP-AU847K4" failures="0" tests="1" name="tests.LinksTesting1" time="19.100" errors="0" timestamp="2025-01-28T10:17:32 IST" skipped="0">
  <testcase classname="tests.LinksTesting1" name="linktesting1" time="19.100"/>
  <system-out>
    <![CDATA[Clicked on Image Link]]>
  </system-out>
</testsuite> <!-- tests.LinksTesting1 -->
