<?xml version="1.0" encoding="UTF-8"?>
<!-- Generated by org.testng.reporters.JUnitReportReporter -->
<testsuite hostname="DESKTOP-AU847K4" failures="0" tests="1" name="tests.CheckBox1" time="17.027" errors="0" timestamp="2025-01-28T10:17:32 IST" skipped="0">
  <testcase classname="tests.CheckBox1" name="checkboxTest" time="17.027"/>
  <system-out/>
</testsuite> <!-- tests.CheckBox1 -->
