<?xml version="1.0" encoding="UTF-8"?>
<!-- Generated by org.testng.reporters.JUnitReportReporter -->
<testsuite hostname="DESKTOP-AU847K4" failures="0" tests="3" name="runners.TestRunner" time="59.744" errors="0" timestamp="2025-02-14T10:55:06 IST" skipped="0">
  <testcase classname="runners.TestRunner" name="runScenario" time="19.990"/>
  <system-out/>
  <testcase classname="runners.TestRunner" name="runScenario" time="19.878"/>
  <system-out/>
  <testcase classname="runners.TestRunner" name="runScenario" time="19.876"/>
  <system-out/>
</testsuite> <!-- runners.TestRunner -->
